<?xml version="1.0" encoding="UTF-8"?>
<testng-results ignored="0" total="1" passed="1" failed="0" skipped="0">
  <reporter-output>
    <line>
      <![CDATA[i am im homepage ]]>
    </line>
    <line>
      <![CDATA[new user add Successfully]]>
    </line>
  </reporter-output>
  <suite started-at="2025-04-23T10:34:13 IST" name="Default suite" finished-at="2025-04-23T10:35:01 IST" duration-ms="47635">
    <groups>
    </groups>
    <test started-at="2025-04-23T10:34:13 IST" name="Default test" finished-at="2025-04-23T10:35:01 IST" duration-ms="47635">
      <class name="TestCases.AdminModule">
        <test-method is-config="true" signature="preCondition()[pri:0, instance:TestCases.AdminModule@6c6cb480]" started-at="2025-04-23T10:34:13 IST" name="preCondition" finished-at="2025-04-23T10:34:22 IST" duration-ms="8882" status="PASS">
          <reporter-output>
          </reporter-output>
        </test-method> <!-- preCondition -->
        <test-method is-config="true" signature="login()[pri:0, instance:TestCases.AdminModule@6c6cb480]" started-at="2025-04-23T10:34:22 IST" name="login" finished-at="2025-04-23T10:34:27 IST" duration-ms="4605" status="PASS">
          <reporter-output>
          </reporter-output>
        </test-method> <!-- login -->
        <test-method signature="tc_001()[pri:0, instance:TestCases.AdminModule@6c6cb480]" started-at="2025-04-23T10:34:27 IST" name="tc_001" finished-at="2025-04-23T10:34:58 IST" duration-ms="30747" status="PASS">
          <reporter-output>
            <line>
              <![CDATA[i am im homepage ]]>
            </line>
            <line>
              <![CDATA[new user add Successfully]]>
            </line>
          </reporter-output>
        </test-method> <!-- tc_001 -->
        <test-method is-config="true" signature="logout()[pri:0, instance:TestCases.AdminModule@6c6cb480]" started-at="2025-04-23T10:34:58 IST" name="logout" finished-at="2025-04-23T10:35:01 IST" duration-ms="3030" status="PASS">
          <reporter-output>
          </reporter-output>
        </test-method> <!-- logout -->
        <test-method is-config="true" signature="postCondition()[pri:0, instance:TestCases.AdminModule@6c6cb480]" started-at="2025-04-23T10:35:01 IST" name="postCondition" finished-at="2025-04-23T10:35:01 IST" duration-ms="314" status="PASS">
          <reporter-output>
          </reporter-output>
        </test-method> <!-- postCondition -->
      </class> <!-- TestCases.AdminModule -->
    </test> <!-- Default test -->
  </suite> <!-- Default suite -->
</testng-results>
